Server running on port 3001
{"timestamp":"2026-05-24T15:14:19.853Z","method":"GET","url":"/menu","status":404,"durationMs":7,"ip":"::1","userAgent":"Mozilla/5.0 (X11; Linux x86_64) AppleWebKit/537.36 (KHTML, like Gecko) HeadlessChrome/145.0.7632.6 Safari/537.36"}
{"timestamp":"2026-05-24T15:14:19.857Z","method":"GET","url":"/menu","status":404,"durationMs":2,"ip":"::1","userAgent":"Mozilla/5.0 (X11; Linux x86_64) AppleWebKit/537.36 (KHTML, like Gecko) HeadlessChrome/145.0.7632.6 Safari/537.36"}
{"timestamp":"2026-05-24T15:15:37.944Z","method":"GET","url":"/menu","status":404,"durationMs":1,"ip":"::1","userAgent":"Mozilla/5.0 (X11; Linux x86_64) AppleWebKit/537.36 (KHTML, like Gecko) HeadlessChrome/145.0.7632.6 Safari/537.36"}
{"timestamp":"2026-05-24T15:15:37.948Z","method":"GET","url":"/menu","status":404,"durationMs":1,"ip":"::1","userAgent":"Mozilla/5.0 (X11; Linux x86_64) AppleWebKit/537.36 (KHTML, like Gecko) HeadlessChrome/145.0.7632.6 Safari/537.36"}
{"timestamp":"2026-05-24T15:16:31.723Z","method":"GET","url":"/menu","status":404,"durationMs":1,"ip":"::1","userAgent":"Mozilla/5.0 (X11; Linux x86_64) AppleWebKit/537.36 (KHTML, like Gecko) HeadlessChrome/145.0.7632.6 Safari/537.36"}
{"timestamp":"2026-05-24T15:16:31.726Z","method":"GET","url":"/menu","status":404,"durationMs":1,"ip":"::1","userAgent":"Mozilla/5.0 (X11; Linux x86_64) AppleWebKit/537.36 (KHTML, like Gecko) HeadlessChrome/145.0.7632.6 Safari/537.36"}
{"timestamp":"2026-05-24T15:17:22.721Z","method":"GET","url":"/admin/pizze","status":404,"durationMs":1,"ip":"::1","userAgent":"Mozilla/5.0 (X11; Linux x86_64) AppleWebKit/537.36 (KHTML, like Gecko) HeadlessChrome/145.0.7632.6 Safari/537.36"}
{"timestamp":"2026-05-24T15:17:22.724Z","method":"GET","url":"/admin/pizze","status":404,"durationMs":1,"ip":"::1","userAgent":"Mozilla/5.0 (X11; Linux x86_64) AppleWebKit/537.36 (KHTML, like Gecko) HeadlessChrome/145.0.7632.6 Safari/537.36"}
{"timestamp":"2026-05-24T15:28:13.988Z","method":"GET","url":"/admin/pizze","status":404,"durationMs":9,"ip":"::1","userAgent":"Mozilla/5.0 (X11; Linux x86_64) AppleWebKit/537.36 (KHTML, like Gecko) HeadlessChrome/145.0.7632.6 Safari/537.36"}
{"timestamp":"2026-05-24T15:28:14.022Z","method":"GET","url":"/admin/pizze","status":404,"durationMs":1,"ip":"::1","userAgent":"Mozilla/5.0 (X11; Linux x86_64) AppleWebKit/537.36 (KHTML, like Gecko) HeadlessChrome/145.0.7632.6 Safari/537.36"}
{"timestamp":"2026-05-24T15:29:03.341Z","method":"GET","url":"/menu","status":404,"durationMs":1,"ip":"::1","userAgent":"Mozilla/5.0 (X11; Linux x86_64) AppleWebKit/537.36 (KHTML, like Gecko) HeadlessChrome/145.0.7632.6 Safari/537.36"}
{"timestamp":"2026-05-24T15:29:03.344Z","method":"GET","url":"/menu","status":404,"durationMs":1,"ip":"::1","userAgent":"Mozilla/5.0 (X11; Linux x86_64) AppleWebKit/537.36 (KHTML, like Gecko) HeadlessChrome/145.0.7632.6 Safari/537.36"}
{"timestamp":"2026-05-24T15:30:19.470Z","method":"GET","url":"/menu","status":404,"durationMs":0,"ip":"::1","userAgent":"Mozilla/5.0 (X11; Linux x86_64) AppleWebKit/537.36 (KHTML, like Gecko) HeadlessChrome/145.0.7632.6 Safari/537.36"}
{"timestamp":"2026-05-24T15:30:19.523Z","method":"GET","url":"/menu","status":404,"durationMs":1,"ip":"::1","userAgent":"Mozilla/5.0 (X11; Linux x86_64) AppleWebKit/537.36 (KHTML, like Gecko) HeadlessChrome/145.0.7632.6 Safari/537.36"}
{"timestamp":"2026-05-24T15:30:57.804Z","method":"GET","url":"/api/menu","status":200,"durationMs":30,"ip":"::1","userAgent":"curl/8.5.0"}
{"timestamp":"2026-05-24T15:33:07.247Z","method":"GET","url":"/menu","status":404,"durationMs":1,"ip":"::1","userAgent":"Mozilla/5.0 (X11; Linux x86_64) AppleWebKit/537.36 (KHTML, like Gecko) HeadlessChrome/145.0.7632.6 Safari/537.36"}
{"timestamp":"2026-05-24T15:33:07.249Z","method":"GET","url":"/menu","status":404,"durationMs":0,"ip":"::1","userAgent":"Mozilla/5.0 (X11; Linux x86_64) AppleWebKit/537.36 (KHTML, like Gecko) HeadlessChrome/145.0.7632.6 Safari/537.36"}
{"timestamp":"2026-05-24T15:33:39.619Z","method":"GET","url":"/menu","status":404,"durationMs":1,"ip":"::1","userAgent":"Mozilla/5.0 (X11; Linux x86_64) AppleWebKit/537.36 (KHTML, like Gecko) HeadlessChrome/145.0.7632.6 Safari/537.36"}
{"timestamp":"2026-05-24T15:33:39.622Z","method":"GET","url":"/menu","status":404,"durationMs":0,"ip":"::1","userAgent":"Mozilla/5.0 (X11; Linux x86_64) AppleWebKit/537.36 (KHTML, like Gecko) HeadlessChrome/145.0.7632.6 Safari/537.36"}
{"timestamp":"2026-05-24T15:34:35.803Z","method":"GET","url":"/api/menu","status":200,"durationMs":7,"ip":"::1","userAgent":"curl/8.5.0"}
{"timestamp":"2026-05-24T15:35:32.124Z","method":"GET","url":"/menu","status":404,"durationMs":1,"ip":"::1","userAgent":"Mozilla/5.0 (X11; Linux x86_64) AppleWebKit/537.36 (KHTML, like Gecko) HeadlessChrome/145.0.7632.6 Safari/537.36"}
{"timestamp":"2026-05-24T15:35:32.139Z","method":"GET","url":"/menu","status":404,"durationMs":1,"ip":"::1","userAgent":"Mozilla/5.0 (X11; Linux x86_64) AppleWebKit/537.36 (KHTML, like Gecko) HeadlessChrome/145.0.7632.6 Safari/537.36"}
{"timestamp":"2026-05-24T15:36:12.174Z","method":"GET","url":"/menu","status":404,"durationMs":0,"ip":"::1","userAgent":"Mozilla/5.0 (X11; Linux x86_64) AppleWebKit/537.36 (KHTML, like Gecko) HeadlessChrome/145.0.7632.6 Safari/537.36"}
{"timestamp":"2026-05-24T15:36:12.177Z","method":"GET","url":"/menu","status":404,"durationMs":0,"ip":"::1","userAgent":"Mozilla/5.0 (X11; Linux x86_64) AppleWebKit/537.36 (KHTML, like Gecko) HeadlessChrome/145.0.7632.6 Safari/537.36"}
{"timestamp":"2026-05-24T15:36:56.349Z","method":"GET","url":"/api/menu","status":200,"durationMs":6,"ip":"::1","userAgent":"curl/8.5.0"}
{"timestamp":"2026-05-24T15:38:31.529Z","method":"GET","url":"/menu","status":404,"durationMs":1,"ip":"::1","userAgent":"Mozilla/5.0 (X11; Linux x86_64) AppleWebKit/537.36 (KHTML, like Gecko) HeadlessChrome/145.0.7632.6 Safari/537.36"}
{"timestamp":"2026-05-24T15:38:31.533Z","method":"GET","url":"/menu","status":404,"durationMs":1,"ip":"::1","userAgent":"Mozilla/5.0 (X11; Linux x86_64) AppleWebKit/537.36 (KHTML, like Gecko) HeadlessChrome/145.0.7632.6 Safari/537.36"}
{"timestamp":"2026-05-24T15:40:21.277Z","method":"GET","url":"/menu","status":404,"durationMs":2,"ip":"::1","userAgent":"Mozilla/5.0 (X11; Linux x86_64) AppleWebKit/537.36 (KHTML, like Gecko) HeadlessChrome/145.0.7632.6 Safari/537.36"}
{"timestamp":"2026-05-24T15:40:21.279Z","method":"GET","url":"/menu","status":404,"durationMs":0,"ip":"::1","userAgent":"Mozilla/5.0 (X11; Linux x86_64) AppleWebKit/537.36 (KHTML, like Gecko) HeadlessChrome/145.0.7632.6 Safari/537.36"}
{"timestamp":"2026-05-24T15:41:22.366Z","method":"GET","url":"/api/menu","status":200,"durationMs":5,"ip":"::1","userAgent":"Mozilla/5.0 (X11; Linux x86_64) AppleWebKit/537.36 (KHTML, like Gecko) HeadlessChrome/145.0.7632.6 Safari/537.36"}
{"timestamp":"2026-05-24T15:41:22.378Z","method":"GET","url":"/api/menu","status":304,"durationMs":6,"ip":"::1","userAgent":"Mozilla/5.0 (X11; Linux x86_64) AppleWebKit/537.36 (KHTML, like Gecko) HeadlessChrome/145.0.7632.6 Safari/537.36"}
{"timestamp":"2026-05-24T15:42:03.417Z","method":"GET","url":"/api/menu","status":200,"durationMs":6,"ip":"::1","userAgent":"Mozilla/5.0 (X11; Linux x86_64) AppleWebKit/537.36 (KHTML, like Gecko) HeadlessChrome/145.0.7632.6 Safari/537.36"}
{"timestamp":"2026-05-24T15:42:03.427Z","method":"GET","url":"/api/menu","status":304,"durationMs":5,"ip":"::1","userAgent":"Mozilla/5.0 (X11; Linux x86_64) AppleWebKit/537.36 (KHTML, like Gecko) HeadlessChrome/145.0.7632.6 Safari/537.36"}
{"timestamp":"2026-05-24T15:43:03.511Z","method":"GET","url":"/api/admin/pizze","status":200,"durationMs":6,"ip":"::1","userAgent":"Mozilla/5.0 (X11; Linux x86_64) AppleWebKit/537.36 (KHTML, like Gecko) HeadlessChrome/145.0.7632.6 Safari/537.36"}
{"timestamp":"2026-05-24T15:43:03.526Z","method":"GET","url":"/api/admin/pizze","status":304,"durationMs":4,"ip":"::1","userAgent":"Mozilla/5.0 (X11; Linux x86_64) AppleWebKit/537.36 (KHTML, like Gecko) HeadlessChrome/145.0.7632.6 Safari/537.36"}
{"timestamp":"2026-05-24T15:43:03.527Z","method":"GET","url":"/api/admin/aggiunte","status":200,"durationMs":3,"ip":"::1","userAgent":"Mozilla/5.0 (X11; Linux x86_64) AppleWebKit/537.36 (KHTML, like Gecko) HeadlessChrome/145.0.7632.6 Safari/537.36"}
{"timestamp":"2026-05-24T15:43:03.540Z","method":"GET","url":"/api/admin/aggiunte","status":304,"durationMs":3,"ip":"::1","userAgent":"Mozilla/5.0 (X11; Linux x86_64) AppleWebKit/537.36 (KHTML, like Gecko) HeadlessChrome/145.0.7632.6 Safari/537.36"}
{"timestamp":"2026-05-24T15:43:03.540Z","method":"GET","url":"/api/admin/impasti","status":200,"durationMs":2,"ip":"::1","userAgent":"Mozilla/5.0 (X11; Linux x86_64) AppleWebKit/537.36 (KHTML, like Gecko) HeadlessChrome/145.0.7632.6 Safari/537.36"}
{"timestamp":"2026-05-24T15:43:03.554Z","method":"GET","url":"/api/admin/impasti","status":304,"durationMs":3,"ip":"::1","userAgent":"Mozilla/5.0 (X11; Linux x86_64) AppleWebKit/537.36 (KHTML, like Gecko) HeadlessChrome/145.0.7632.6 Safari/537.36"}
{"timestamp":"2026-05-24T15:47:10.919Z","method":"GET","url":"/api/menu","status":200,"durationMs":5,"ip":"::1","userAgent":"Mozilla/5.0 (X11; Linux x86_64) AppleWebKit/537.36 (KHTML, like Gecko) HeadlessChrome/145.0.7632.6 Safari/537.36"}
{"timestamp":"2026-05-24T15:47:10.933Z","method":"GET","url":"/api/menu","status":304,"durationMs":6,"ip":"::1","userAgent":"Mozilla/5.0 (X11; Linux x86_64) AppleWebKit/537.36 (KHTML, like Gecko) HeadlessChrome/145.0.7632.6 Safari/537.36"}
